------------------------------
Wed Jan 10 2018 10:43:57
GET /i
HEADERS=> {
  "host": "localhost:8080",
  "connection": "keep-alive",
  "user-agent": "Mozilla/5.0 (Macintosh; Intel Mac OS X 10_13_1) AppleWebKit/537.36 (KHTML, like Gecko) Chrome/63.0.3239.132 Safari/537.36",
  "upgrade-insecure-requests": "1",
  "accept": "text/html,application/xhtml+xml,application/xml;q=0.9,image/webp,image/apng,*/*;q=0.8",
  "accept-encoding": "gzip, deflate, br",
  "accept-language": "en-US,en;q=0.9",
  "cookie": "logInFailed=true; loginFailed=false,Expires=Thu, 01 Jan 1970 00:00:00 GMT; sessionid=0,Expires=Thu, 01 Jan 1970 00:00:00 GMT"
}
COOKIES=> {
  "logInFailed": "true",
  "loginFailed": "false,Expires",
  "sessionid": "0,Expires"
}
BODY=> {}
------------------------------
Wed Jan 10 2018 10:44:00
GET /
HEADERS=> {
  "host": "localhost:8080",
  "connection": "keep-alive",
  "user-agent": "Mozilla/5.0 (Macintosh; Intel Mac OS X 10_13_1) AppleWebKit/537.36 (KHTML, like Gecko) Chrome/63.0.3239.132 Safari/537.36",
  "upgrade-insecure-requests": "1",
  "accept": "text/html,application/xhtml+xml,application/xml;q=0.9,image/webp,image/apng,*/*;q=0.8",
  "accept-encoding": "gzip, deflate, br",
  "accept-language": "en-US,en;q=0.9",
  "cookie": "logInFailed=true; loginFailed=false,Expires=Thu, 01 Jan 1970 00:00:00 GMT; sessionid=0,Expires=Thu, 01 Jan 1970 00:00:00 GMT"
}
COOKIES=> {
  "logInFailed": "true",
  "loginFailed": "false,Expires",
  "sessionid": "0,Expires"
}
BODY=> {}
------------------------------
Wed Jan 10 2018 10:44:00
GET /index.html
HEADERS=> {
  "host": "localhost:8080",
  "connection": "keep-alive",
  "user-agent": "Mozilla/5.0 (Macintosh; Intel Mac OS X 10_13_1) AppleWebKit/537.36 (KHTML, like Gecko) Chrome/63.0.3239.132 Safari/537.36",
  "upgrade-insecure-requests": "1",
  "accept": "text/html,application/xhtml+xml,application/xml;q=0.9,image/webp,image/apng,*/*;q=0.8",
  "accept-encoding": "gzip, deflate, br",
  "accept-language": "en-US,en;q=0.9",
  "cookie": "logInFailed=true; loginFailed=false,Expires=Thu, 01 Jan 1970 00:00:00 GMT; sessionid=0,Expires=Thu, 01 Jan 1970 00:00:00 GMT"
}
COOKIES=> {
  "logInFailed": "true",
  "loginFailed": "false,Expires",
  "sessionid": "0,Expires"
}
BODY=> {}
------------------------------
Wed Jan 10 2018 10:44:00
GET /designs/index.css
HEADERS=> {
  "host": "localhost:8080",
  "connection": "keep-alive",
  "user-agent": "Mozilla/5.0 (Macintosh; Intel Mac OS X 10_13_1) AppleWebKit/537.36 (KHTML, like Gecko) Chrome/63.0.3239.132 Safari/537.36",
  "accept": "text/css,*/*;q=0.1",
  "referer": "http://localhost:8080/index.html",
  "accept-encoding": "gzip, deflate, br",
  "accept-language": "en-US,en;q=0.9",
  "cookie": "logInFailed=true; loginFailed=false,Expires=Thu, 01 Jan 1970 00:00:00 GMT; sessionid=0,Expires=Thu, 01 Jan 1970 00:00:00 GMT"
}
COOKIES=> {
  "logInFailed": "true",
  "loginFailed": "false,Expires",
  "sessionid": "0,Expires"
}
BODY=> {}
------------------------------
Wed Jan 10 2018 10:44:00
GET /scripts/index.js
HEADERS=> {
  "host": "localhost:8080",
  "connection": "keep-alive",
  "user-agent": "Mozilla/5.0 (Macintosh; Intel Mac OS X 10_13_1) AppleWebKit/537.36 (KHTML, like Gecko) Chrome/63.0.3239.132 Safari/537.36",
  "accept": "*/*",
  "referer": "http://localhost:8080/index.html",
  "accept-encoding": "gzip, deflate, br",
  "accept-language": "en-US,en;q=0.9",
  "cookie": "logInFailed=true; loginFailed=false,Expires=Thu, 01 Jan 1970 00:00:00 GMT; sessionid=0,Expires=Thu, 01 Jan 1970 00:00:00 GMT"
}
COOKIES=> {
  "logInFailed": "true",
  "loginFailed": "false,Expires",
  "sessionid": "0,Expires"
}
BODY=> {}
------------------------------
Wed Jan 10 2018 10:44:00
GET /img/freshorigins.jpg
HEADERS=> {
  "host": "localhost:8080",
  "connection": "keep-alive",
  "user-agent": "Mozilla/5.0 (Macintosh; Intel Mac OS X 10_13_1) AppleWebKit/537.36 (KHTML, like Gecko) Chrome/63.0.3239.132 Safari/537.36",
  "accept": "image/webp,image/apng,image/*,*/*;q=0.8",
  "referer": "http://localhost:8080/index.html",
  "accept-encoding": "gzip, deflate, br",
  "accept-language": "en-US,en;q=0.9",
  "cookie": "logInFailed=true; loginFailed=false,Expires=Thu, 01 Jan 1970 00:00:00 GMT; sessionid=0,Expires=Thu, 01 Jan 1970 00:00:00 GMT"
}
COOKIES=> {
  "logInFailed": "true",
  "loginFailed": "false,Expires",
  "sessionid": "0,Expires"
}
BODY=> {}
------------------------------
Wed Jan 10 2018 10:44:00
GET /img/animated-flower-image-0021.gif
HEADERS=> {
  "host": "localhost:8080",
  "connection": "keep-alive",
  "user-agent": "Mozilla/5.0 (Macintosh; Intel Mac OS X 10_13_1) AppleWebKit/537.36 (KHTML, like Gecko) Chrome/63.0.3239.132 Safari/537.36",
  "accept": "image/webp,image/apng,image/*,*/*;q=0.8",
  "referer": "http://localhost:8080/index.html",
  "accept-encoding": "gzip, deflate, br",
  "accept-language": "en-US,en;q=0.9",
  "cookie": "logInFailed=true; loginFailed=false,Expires=Thu, 01 Jan 1970 00:00:00 GMT; sessionid=0,Expires=Thu, 01 Jan 1970 00:00:00 GMT"
}
COOKIES=> {
  "logInFailed": "true",
  "loginFailed": "false,Expires",
  "sessionid": "0,Expires"
}
BODY=> {}
------------------------------
Wed Jan 10 2018 10:44:03
GET /guestbook.html
HEADERS=> {
  "host": "localhost:8080",
  "connection": "keep-alive",
  "upgrade-insecure-requests": "1",
  "user-agent": "Mozilla/5.0 (Macintosh; Intel Mac OS X 10_13_1) AppleWebKit/537.36 (KHTML, like Gecko) Chrome/63.0.3239.132 Safari/537.36",
  "accept": "text/html,application/xhtml+xml,application/xml;q=0.9,image/webp,image/apng,*/*;q=0.8",
  "referer": "http://localhost:8080/index.html",
  "accept-encoding": "gzip, deflate, br",
  "accept-language": "en-US,en;q=0.9",
  "cookie": "logInFailed=true; loginFailed=false,Expires=Thu, 01 Jan 1970 00:00:00 GMT; sessionid=0,Expires=Thu, 01 Jan 1970 00:00:00 GMT"
}
COOKIES=> {
  "logInFailed": "true",
  "loginFailed": "false,Expires",
  "sessionid": "0,Expires"
}
BODY=> {}
------------------------------
Wed Jan 10 2018 10:44:03
GET /designs/guestbook.css
HEADERS=> {
  "host": "localhost:8080",
  "connection": "keep-alive",
  "user-agent": "Mozilla/5.0 (Macintosh; Intel Mac OS X 10_13_1) AppleWebKit/537.36 (KHTML, like Gecko) Chrome/63.0.3239.132 Safari/537.36",
  "accept": "text/css,*/*;q=0.1",
  "referer": "http://localhost:8080/guestbook.html",
  "accept-encoding": "gzip, deflate, br",
  "accept-language": "en-US,en;q=0.9",
  "cookie": "logInFailed=true; loginFailed=false,Expires=Thu, 01 Jan 1970 00:00:00 GMT; sessionid=0,Expires=Thu, 01 Jan 1970 00:00:00 GMT"
}
COOKIES=> {
  "logInFailed": "true",
  "loginFailed": "false,Expires",
  "sessionid": "0,Expires"
}
BODY=> {}
------------------------------
Wed Jan 10 2018 10:44:11
POST /comment
HEADERS=> {
  "host": "localhost:8080",
  "connection": "keep-alive",
  "content-length": "24",
  "cache-control": "max-age=0",
  "origin": "http://localhost:8080",
  "upgrade-insecure-requests": "1",
  "content-type": "application/x-www-form-urlencoded",
  "user-agent": "Mozilla/5.0 (Macintosh; Intel Mac OS X 10_13_1) AppleWebKit/537.36 (KHTML, like Gecko) Chrome/63.0.3239.132 Safari/537.36",
  "accept": "text/html,application/xhtml+xml,application/xml;q=0.9,image/webp,image/apng,*/*;q=0.8",
  "referer": "http://localhost:8080/guestbook.html",
  "accept-encoding": "gzip, deflate, br",
  "accept-language": "en-US,en;q=0.9",
  "cookie": "logInFailed=true; loginFailed=false,Expires=Thu, 01 Jan 1970 00:00:00 GMT; sessionid=0,Expires=Thu, 01 Jan 1970 00:00:00 GMT"
}
COOKIES=> {
  "logInFailed": "true",
  "loginFailed": "false,Expires",
  "sessionid": "0,Expires"
}
BODY=> {
  "Name": "Debarun",
  "Comment": "hii"
}
------------------------------
Wed Jan 10 2018 10:44:11
GET /login
HEADERS=> {
  "host": "localhost:8080",
  "connection": "keep-alive",
  "cache-control": "max-age=0",
  "upgrade-insecure-requests": "1",
  "user-agent": "Mozilla/5.0 (Macintosh; Intel Mac OS X 10_13_1) AppleWebKit/537.36 (KHTML, like Gecko) Chrome/63.0.3239.132 Safari/537.36",
  "accept": "text/html,application/xhtml+xml,application/xml;q=0.9,image/webp,image/apng,*/*;q=0.8",
  "referer": "http://localhost:8080/guestbook.html",
  "accept-encoding": "gzip, deflate, br",
  "accept-language": "en-US,en;q=0.9",
  "cookie": "logInFailed=true; loginFailed=false,Expires=Thu, 01 Jan 1970 00:00:00 GMT; sessionid=0,Expires=Thu, 01 Jan 1970 00:00:00 GMT"
}
COOKIES=> {
  "logInFailed": "true",
  "loginFailed": "false,Expires",
  "sessionid": "0,Expires"
}
BODY=> {}
------------------------------
Wed Jan 10 2018 10:44:17
POST /login
HEADERS=> {
  "host": "localhost:8080",
  "connection": "keep-alive",
  "content-length": "16",
  "cache-control": "max-age=0",
  "origin": "http://localhost:8080",
  "upgrade-insecure-requests": "1",
  "content-type": "application/x-www-form-urlencoded",
  "user-agent": "Mozilla/5.0 (Macintosh; Intel Mac OS X 10_13_1) AppleWebKit/537.36 (KHTML, like Gecko) Chrome/63.0.3239.132 Safari/537.36",
  "accept": "text/html,application/xhtml+xml,application/xml;q=0.9,image/webp,image/apng,*/*;q=0.8",
  "referer": "http://localhost:8080/login",
  "accept-encoding": "gzip, deflate, br",
  "accept-language": "en-US,en;q=0.9",
  "cookie": "logInFailed=true; loginFailed=false,Expires=Thu, 01 Jan 1970 00:00:00 GMT; sessionid=0,Expires=Thu, 01 Jan 1970 00:00:00 GMT"
}
COOKIES=> {
  "logInFailed": "true",
  "loginFailed": "false,Expires",
  "sessionid": "0,Expires"
}
BODY=> {
  "userName": "debarun"
}
------------------------------
Wed Jan 10 2018 10:44:17
GET /guestbook.html
HEADERS=> {
  "host": "localhost:8080",
  "connection": "keep-alive",
  "cache-control": "max-age=0",
  "upgrade-insecure-requests": "1",
  "user-agent": "Mozilla/5.0 (Macintosh; Intel Mac OS X 10_13_1) AppleWebKit/537.36 (KHTML, like Gecko) Chrome/63.0.3239.132 Safari/537.36",
  "accept": "text/html,application/xhtml+xml,application/xml;q=0.9,image/webp,image/apng,*/*;q=0.8",
  "referer": "http://localhost:8080/login",
  "accept-encoding": "gzip, deflate, br",
  "accept-language": "en-US,en;q=0.9",
  "cookie": "logInFailed=true; loginFailed=false,Expires=Thu, 01 Jan 1970 00:00:00 GMT; sessionid=1515561257502"
}
COOKIES=> {
  "logInFailed": "true",
  "loginFailed": "false,Expires",
  "sessionid": "1515561257502"
}
BODY=> {}
------------------------------
Wed Jan 10 2018 10:44:17
GET /designs/guestbook.css
HEADERS=> {
  "host": "localhost:8080",
  "connection": "keep-alive",
  "user-agent": "Mozilla/5.0 (Macintosh; Intel Mac OS X 10_13_1) AppleWebKit/537.36 (KHTML, like Gecko) Chrome/63.0.3239.132 Safari/537.36",
  "accept": "text/css,*/*;q=0.1",
  "referer": "http://localhost:8080/guestbook.html",
  "accept-encoding": "gzip, deflate, br",
  "accept-language": "en-US,en;q=0.9",
  "cookie": "logInFailed=true; loginFailed=false,Expires=Thu, 01 Jan 1970 00:00:00 GMT; sessionid=1515561257502"
}
COOKIES=> {
  "logInFailed": "true",
  "loginFailed": "false,Expires",
  "sessionid": "1515561257502"
}
BODY=> {}
------------------------------
Wed Jan 10 2018 10:44:29
POST /comment
HEADERS=> {
  "host": "localhost:8080",
  "connection": "keep-alive",
  "content-length": "30",
  "cache-control": "max-age=0",
  "origin": "http://localhost:8080",
  "upgrade-insecure-requests": "1",
  "content-type": "application/x-www-form-urlencoded",
  "user-agent": "Mozilla/5.0 (Macintosh; Intel Mac OS X 10_13_1) AppleWebKit/537.36 (KHTML, like Gecko) Chrome/63.0.3239.132 Safari/537.36",
  "accept": "text/html,application/xhtml+xml,application/xml;q=0.9,image/webp,image/apng,*/*;q=0.8",
  "referer": "http://localhost:8080/guestbook.html",
  "accept-encoding": "gzip, deflate, br",
  "accept-language": "en-US,en;q=0.9",
  "cookie": "logInFailed=true; loginFailed=false,Expires=Thu, 01 Jan 1970 00:00:00 GMT; sessionid=1515561257502"
}
COOKIES=> {
  "logInFailed": "true",
  "loginFailed": "false,Expires",
  "sessionid": "1515561257502"
}
BODY=> {
  "Name": "Debarun",
  "Comment": "Nice+Page"
}
------------------------------
Wed Jan 10 2018 10:44:29
GET /guestbook.html
HEADERS=> {
  "host": "localhost:8080",
  "connection": "keep-alive",
  "cache-control": "max-age=0",
  "upgrade-insecure-requests": "1",
  "user-agent": "Mozilla/5.0 (Macintosh; Intel Mac OS X 10_13_1) AppleWebKit/537.36 (KHTML, like Gecko) Chrome/63.0.3239.132 Safari/537.36",
  "accept": "text/html,application/xhtml+xml,application/xml;q=0.9,image/webp,image/apng,*/*;q=0.8",
  "referer": "http://localhost:8080/guestbook.html",
  "accept-encoding": "gzip, deflate, br",
  "accept-language": "en-US,en;q=0.9",
  "cookie": "logInFailed=true; loginFailed=false,Expires=Thu, 01 Jan 1970 00:00:00 GMT; sessionid=1515561257502"
}
COOKIES=> {
  "logInFailed": "true",
  "loginFailed": "false,Expires",
  "sessionid": "1515561257502"
}
BODY=> {}
------------------------------
Wed Jan 10 2018 10:44:29
GET /designs/guestbook.css
HEADERS=> {
  "host": "localhost:8080",
  "connection": "keep-alive",
  "user-agent": "Mozilla/5.0 (Macintosh; Intel Mac OS X 10_13_1) AppleWebKit/537.36 (KHTML, like Gecko) Chrome/63.0.3239.132 Safari/537.36",
  "accept": "text/css,*/*;q=0.1",
  "referer": "http://localhost:8080/guestbook.html",
  "accept-encoding": "gzip, deflate, br",
  "accept-language": "en-US,en;q=0.9",
  "cookie": "logInFailed=true; loginFailed=false,Expires=Thu, 01 Jan 1970 00:00:00 GMT; sessionid=1515561257502"
}
COOKIES=> {
  "logInFailed": "true",
  "loginFailed": "false,Expires",
  "sessionid": "1515561257502"
}
BODY=> {}
